# JRE version: OpenJDK Runtime Environment (11.0.2+9) (build 11.0.2+9-b159.60)
# Java VM: OpenJDK 64-Bit Server VM (11.0.2+9-b159.60, mixed mode, sharing, tiered, compressed oops, g1 gc, windows-amd64)
Heap:
 garbage-first heap   total 96256K, used 25450K [0x00000000c1000000, 0x0000000100000000)
  region size 1024K, 7 young (7168K), 1 survivors (1024K)
 Metaspace       used 34770K, capacity 35731K, committed 35920K, reserved 1081344K
  class space    used 4357K, capacity 4749K, committed 4864K, reserved 1048576K
GC Heap History (10 events):
Event: 1.781 GC heap before
{Heap before GC invocations=4 (full 0):
 garbage-first heap   total 65536K, used 14141K [0x00000000c1000000, 0x0000000100000000)
  region size 1024K, 10 young (10240K), 4 survivors (4096K)
 Metaspace       used 20575K, capacity 21202K, committed 21296K, reserved 1067008K
  class space    used 2651K, capacity 2914K, committed 2944K, reserved 1048576K
}
Event: 1.790 GC heap after
{Heap after GC invocations=5 (full 0):
 garbage-first heap   total 78848K, used 9655K [0x00000000c1000000, 0x0000000100000000)
  region size 1024K, 3 young (3072K), 3 survivors (3072K)
 Metaspace       used 20575K, capacity 21202K, committed 21296K, reserved 1067008K
  class space    used 2651K, capacity 2914K, committed 2944K, reserved 1048576K
}
Event: 2.408 GC heap before
{Heap before GC invocations=6 (full 0):
 garbage-first heap   total 78848K, used 44471K [0x00000000c1000000, 0x0000000100000000)
  region size 1024K, 37 young (37888K), 3 survivors (3072K)
 Metaspace       used 24116K, capacity 24801K, committed 25008K, reserved 1071104K
  class space    used 3062K, capacity 3314K, committed 3328K, reserved 1048576K
}
Event: 2.414 GC heap after
{Heap after GC invocations=7 (full 0):
 garbage-first heap   total 78848K, used 11580K [0x00000000c1000000, 0x0000000100000000)
  region size 1024K, 5 young (5120K), 5 survivors (5120K)
 Metaspace       used 24116K, capacity 24801K, committed 25008K, reserved 1071104K
  class space    used 3062K, capacity 3314K, committed 3328K, reserved 1048576K
}
Event: 2.977 GC heap before
{Heap before GC invocations=7 (full 0):
 garbage-first heap   total 78848K, used 46396K [0x00000000c1000000, 0x0000000100000000)
  region size 1024K, 40 young (40960K), 5 survivors (5120K)
 Metaspace       used 28172K, capacity 29042K, committed 29232K, reserved 1075200K
  class space    used 3593K, capacity 3958K, committed 3968K, reserved 1048576K
}
Event: 2.991 GC heap after
{Heap after GC invocations=8 (full 0):
 garbage-first heap   total 78848K, used 15426K [0x00000000c1000000, 0x0000000100000000)
  region size 1024K, 5 young (5120K), 5 survivors (5120K)
 Metaspace       used 28172K, capacity 29042K, committed 29232K, reserved 1075200K
  class space    used 3593K, capacity 3958K, committed 3968K, reserved 1048576K
}
Event: 3.439 GC heap before
{Heap before GC invocations=8 (full 0):
 garbage-first heap   total 78848K, used 49218K [0x00000000c1000000, 0x0000000100000000)
  region size 1024K, 39 young (39936K), 5 survivors (5120K)
 Metaspace       used 32079K, capacity 33005K, committed 33072K, reserved 1077248K
  class space    used 4022K, capacity 4420K, committed 4480K, reserved 1048576K
}
Event: 3.449 GC heap after
{Heap after GC invocations=9 (full 0):
 garbage-first heap   total 78848K, used 19551K [0x00000000c1000000, 0x0000000100000000)
  region size 1024K, 4 young (4096K), 4 survivors (4096K)
 Metaspace       used 32079K, capacity 33005K, committed 33072K, reserved 1077248K
  class space    used 4022K, capacity 4420K, committed 4480K, reserved 1048576K
}
Event: 3.663 GC heap before
{Heap before GC invocations=9 (full 0):
 garbage-first heap   total 78848K, used 53343K [0x00000000c1000000, 0x0000000100000000)
  region size 1024K, 37 young (37888K), 4 survivors (4096K)
 Metaspace       used 34648K, capacity 35667K, committed 35920K, reserved 1081344K
  class space    used 4347K, capacity 4749K, committed 4864K, reserved 1048576K
}
Event: 3.673 GC heap after
{Heap after GC invocations=10 (full 0):
 garbage-first heap   total 96256K, used 20330K [0x00000000c1000000, 0x0000000100000000)
  region size 1024K, 1 young (1024K), 1 survivors (1024K)
 Metaspace       used 34648K, capacity 35667K, committed 35920K, reserved 1081344K
  class space    used 4347K, capacity 4749K, committed 4864K, reserved 1048576K
}

